<?xml version="1.0" encoding="UTF-8"?>
<coverage generated="1679873731890" clover="3.2.0">
  <project timestamp="1679873731890" name="All files">
    <metrics statements="23" coveredstatements="20" conditionals="0" coveredconditionals="0" methods="7" coveredmethods="5" elements="30" coveredelements="25" complexity="0" loc="23" ncloc="23" packages="2" files="2" classes="2"/>
    <package name="routers">
      <metrics statements="19" coveredstatements="16" conditionals="0" coveredconditionals="0" methods="7" coveredmethods="5"/>
      <file name="user-router.ts" path="/home/aram/personal-dashboard/adapters-src/routers/user-router.ts">
        <metrics statements="19" coveredstatements="16" conditionals="0" coveredconditionals="0" methods="7" coveredmethods="5"/>
        <line num="1" count="1" type="stmt"/>
        <line num="9" count="1" type="stmt"/>
        <line num="15" count="1" type="stmt"/>
        <line num="19" count="2" type="stmt"/>
        <line num="20" count="2" type="stmt"/>
        <line num="21" count="2" type="stmt"/>
        <line num="23" count="1" type="stmt"/>
        <line num="25" count="1" type="stmt"/>
        <line num="29" count="2" type="stmt"/>
        <line num="30" count="2" type="stmt"/>
        <line num="31" count="2" type="stmt"/>
        <line num="37" count="1" type="stmt"/>
        <line num="39" count="1" type="stmt"/>
        <line num="43" count="1" type="stmt"/>
        <line num="44" count="0" type="stmt"/>
        <line num="45" count="0" type="stmt"/>
        <line num="50" count="0" type="stmt"/>
        <line num="54" count="1" type="stmt"/>
        <line num="57" count="1" type="stmt"/>
      </file>
    </package>
    <package name="routers.tests">
      <metrics statements="4" coveredstatements="4" conditionals="0" coveredconditionals="0" methods="0" coveredmethods="0"/>
      <file name="test-server.ts" path="/home/aram/personal-dashboard/adapters-src/routers/tests/test-server.ts">
        <metrics statements="4" coveredstatements="4" conditionals="0" coveredconditionals="0" methods="0" coveredmethods="0"/>
        <line num="1" count="1" type="stmt"/>
        <line num="2" count="1" type="stmt"/>
        <line num="3" count="1" type="stmt"/>
        <line num="5" count="1" type="stmt"/>
      </file>
    </package>
  </project>
</coverage>
