{"/home/aram/personal-dashboard/adapters-src/routers/user-router.ts": {"path":"/home/aram/personal-dashboard/adapters-src/routers/user-router.ts","statementMap":{"0":{"start":{"line":1,"column":0},"end":{"line":1,"column":53}},"1":{"start":{"line":15,"column":17},"end":{"line":15,"column":33}},"2":{"start":{"line":19,"column":2},"end":{"line":36,"column":5}},"3":{"start":{"line":19,"column":63},"end":{"line":36,"column":4}},"4":{"start":{"line":20,"column":4},"end":{"line":26,"column":null}},"5":{"start":{"line":21,"column":6},"end":{"line":23,"column":9}},"6":{"start":{"line":25,"column":6},"end":{"line":25,"column":29}},"7":{"start":{"line":28,"column":4},"end":{"line":35,"column":null}},"8":{"start":{"line":29,"column":6},"end":{"line":29,"column":53}},"9":{"start":{"line":30,"column":6},"end":{"line":30,"column":69}},"10":{"start":{"line":31,"column":6},"end":{"line":31,"column":27}},"11":{"start":{"line":32,"column":6},"end":{"line":32,"column":57}},"12":{"start":{"line":34,"column":6},"end":{"line":34,"column":69}},"13":{"start":{"line":38,"column":2},"end":{"line":50,"column":5}},"14":{"start":{"line":38,"column":61},"end":{"line":50,"column":4}},"15":{"start":{"line":39,"column":4},"end":{"line":49,"column":null}},"16":{"start":{"line":40,"column":19},"end":{"line":42,"column":null}},"17":{"start":{"line":46,"column":6},"end":{"line":46,"column":33}},"18":{"start":{"line":48,"column":6},"end":{"line":48,"column":63}},"19":{"start":{"line":52,"column":2},"end":{"line":61,"column":5}},"20":{"start":{"line":52,"column":63},"end":{"line":61,"column":4}},"21":{"start":{"line":53,"column":4},"end":{"line":60,"column":null}},"22":{"start":{"line":54,"column":6},"end":{"line":54,"column":69}},"23":{"start":{"line":59,"column":6},"end":{"line":59,"column":62}},"24":{"start":{"line":63,"column":2},"end":{"line":63,"column":16}},"25":{"start":{"line":9,"column":0},"end":{"line":9,"column":24}},"26":{"start":{"line":66,"column":0},"end":{"line":66,"column":28}}},"fnMap":{"0":{"name":"UserRouter","decl":{"start":{"line":9,"column":24},"end":{"line":9,"column":34}},"loc":{"start":{"line":13,"column":37},"end":{"line":64,"column":1}}},"1":{"name":"(anonymous_9)","decl":{"start":{"line":19,"column":25},"end":{"line":19,"column":32}},"loc":{"start":{"line":19,"column":63},"end":{"line":36,"column":4}}},"2":{"name":"(anonymous_10)","decl":{"start":{"line":19,"column":63},"end":{"line":19,"column":null}},"loc":{"start":{"line":19,"column":63},"end":{"line":36,"column":3}}},"3":{"name":"(anonymous_11)","decl":{"start":{"line":38,"column":23},"end":{"line":38,"column":30}},"loc":{"start":{"line":38,"column":61},"end":{"line":50,"column":4}}},"4":{"name":"(anonymous_12)","decl":{"start":{"line":38,"column":61},"end":{"line":38,"column":null}},"loc":{"start":{"line":38,"column":61},"end":{"line":50,"column":3}}},"5":{"name":"(anonymous_13)","decl":{"start":{"line":52,"column":25},"end":{"line":52,"column":32}},"loc":{"start":{"line":52,"column":63},"end":{"line":61,"column":4}}},"6":{"name":"(anonymous_14)","decl":{"start":{"line":52,"column":63},"end":{"line":52,"column":null}},"loc":{"start":{"line":52,"column":63},"end":{"line":61,"column":3}}}},"branchMap":{"0":{"loc":{"start":{"line":20,"column":4},"end":{"line":26,"column":null}},"type":"if","locations":[{"start":{"line":20,"column":4},"end":{"line":26,"column":null}},{"start":{"line":24,"column":11},"end":{"line":26,"column":null}}]}},"s":{"0":1,"1":1,"2":1,"3":2,"4":2,"5":0,"6":0,"7":0,"8":0,"9":0,"10":0,"11":0,"12":0,"13":1,"14":0,"15":0,"16":0,"17":0,"18":0,"19":1,"20":0,"21":0,"22":0,"23":0,"24":1,"25":1,"26":1},"f":{"0":1,"1":2,"2":2,"3":0,"4":0,"5":0,"6":0},"b":{"0":[0,0]}}
,"/home/aram/personal-dashboard/adapters-src/routers/tests/test-server.ts": {"path":"/home/aram/personal-dashboard/adapters-src/routers/tests/test-server.ts","statementMap":{"0":{"start":{"line":1,"column":0},"end":{"line":1,"column":29}},"1":{"start":{"line":2,"column":15},"end":{"line":2,"column":24}},"2":{"start":{"line":3,"column":0},"end":{"line":3,"column":null}},"3":{"start":{"line":5,"column":0},"end":{"line":5,"column":null}}},"fnMap":{},"branchMap":{},"s":{"0":1,"1":1,"2":1,"3":1},"f":{},"b":{}}
}
