{"/home/aram/personal-dashboard/adapters-src/routers/user-router.ts": {"path":"/home/aram/personal-dashboard/adapters-src/routers/user-router.ts","statementMap":{"0":{"start":{"line":1,"column":0},"end":{"line":1,"column":53}},"1":{"start":{"line":15,"column":17},"end":{"line":15,"column":33}},"2":{"start":{"line":19,"column":2},"end":{"line":27,"column":5}},"3":{"start":{"line":19,"column":63},"end":{"line":27,"column":4}},"4":{"start":{"line":20,"column":4},"end":{"line":26,"column":null}},"5":{"start":{"line":21,"column":6},"end":{"line":21,"column":69}},"6":{"start":{"line":23,"column":6},"end":{"line":23,"column":69}},"7":{"start":{"line":25,"column":6},"end":{"line":25,"column":62}},"8":{"start":{"line":29,"column":2},"end":{"line":41,"column":5}},"9":{"start":{"line":29,"column":61},"end":{"line":41,"column":4}},"10":{"start":{"line":30,"column":4},"end":{"line":40,"column":null}},"11":{"start":{"line":31,"column":19},"end":{"line":33,"column":null}},"12":{"start":{"line":37,"column":6},"end":{"line":37,"column":33}},"13":{"start":{"line":39,"column":6},"end":{"line":39,"column":64}},"14":{"start":{"line":43,"column":2},"end":{"line":52,"column":5}},"15":{"start":{"line":43,"column":63},"end":{"line":52,"column":4}},"16":{"start":{"line":44,"column":4},"end":{"line":51,"column":null}},"17":{"start":{"line":45,"column":6},"end":{"line":45,"column":69}},"18":{"start":{"line":50,"column":6},"end":{"line":50,"column":62}},"19":{"start":{"line":54,"column":2},"end":{"line":54,"column":16}},"20":{"start":{"line":9,"column":0},"end":{"line":9,"column":24}},"21":{"start":{"line":57,"column":0},"end":{"line":57,"column":28}}},"fnMap":{"0":{"name":"UserRouter","decl":{"start":{"line":9,"column":24},"end":{"line":9,"column":34}},"loc":{"start":{"line":13,"column":37},"end":{"line":55,"column":1}}},"1":{"name":"(anonymous_9)","decl":{"start":{"line":19,"column":25},"end":{"line":19,"column":32}},"loc":{"start":{"line":19,"column":63},"end":{"line":27,"column":4}}},"2":{"name":"(anonymous_10)","decl":{"start":{"line":19,"column":63},"end":{"line":19,"column":null}},"loc":{"start":{"line":19,"column":63},"end":{"line":27,"column":3}}},"3":{"name":"(anonymous_11)","decl":{"start":{"line":29,"column":23},"end":{"line":29,"column":30}},"loc":{"start":{"line":29,"column":61},"end":{"line":41,"column":4}}},"4":{"name":"(anonymous_12)","decl":{"start":{"line":29,"column":61},"end":{"line":29,"column":null}},"loc":{"start":{"line":29,"column":61},"end":{"line":41,"column":3}}},"5":{"name":"(anonymous_13)","decl":{"start":{"line":43,"column":25},"end":{"line":43,"column":32}},"loc":{"start":{"line":43,"column":63},"end":{"line":52,"column":4}}},"6":{"name":"(anonymous_14)","decl":{"start":{"line":43,"column":63},"end":{"line":43,"column":null}},"loc":{"start":{"line":43,"column":63},"end":{"line":52,"column":3}}}},"branchMap":{},"s":{"0":1,"1":1,"2":1,"3":2,"4":2,"5":2,"6":1,"7":1,"8":1,"9":2,"10":2,"11":2,"12":1,"13":1,"14":1,"15":0,"16":0,"17":0,"18":0,"19":1,"20":1,"21":1},"f":{"0":1,"1":2,"2":2,"3":2,"4":2,"5":0,"6":0},"b":{}}
,"/home/aram/personal-dashboard/adapters-src/routers/tests/test-server.ts": {"path":"/home/aram/personal-dashboard/adapters-src/routers/tests/test-server.ts","statementMap":{"0":{"start":{"line":1,"column":0},"end":{"line":1,"column":29}},"1":{"start":{"line":2,"column":15},"end":{"line":2,"column":24}},"2":{"start":{"line":3,"column":0},"end":{"line":3,"column":null}},"3":{"start":{"line":5,"column":0},"end":{"line":5,"column":null}}},"fnMap":{},"branchMap":{},"s":{"0":1,"1":1,"2":1,"3":1},"f":{},"b":{}}
}
