TN:
SF:adapters-src/routers/user-router.ts
FN:9,UserRouter
FN:19,(anonymous_9)
FN:19,(anonymous_10)
FN:38,(anonymous_11)
FN:38,(anonymous_12)
FN:52,(anonymous_13)
FN:52,(anonymous_14)
FNF:7
FNH:3
FNDA:1,UserRouter
FNDA:2,(anonymous_9)
FNDA:2,(anonymous_10)
FNDA:0,(anonymous_11)
FNDA:0,(anonymous_12)
FNDA:0,(anonymous_13)
FNDA:0,(anonymous_14)
DA:1,1
DA:9,1
DA:15,1
DA:19,2
DA:20,2
DA:21,0
DA:25,0
DA:28,0
DA:29,0
DA:30,0
DA:31,0
DA:32,0
DA:34,0
DA:38,1
DA:39,0
DA:40,0
DA:46,0
DA:48,0
DA:52,1
DA:53,0
DA:54,0
DA:59,0
DA:63,1
DA:66,1
LF:24
LH:9
BRDA:20,0,0,0
BRDA:20,0,1,0
BRF:2
BRH:0
end_of_record
TN:
SF:adapters-src/routers/tests/test-server.ts
FNF:0
FNH:0
DA:1,1
DA:2,1
DA:3,1
DA:5,1
LF:4
LH:4
BRF:0
BRH:0
end_of_record
