TN:
SF:adapters-src/routers/user-router.ts
FN:9,UserRouter
FN:19,(anonymous_9)
FN:19,(anonymous_10)
FN:29,(anonymous_11)
FN:29,(anonymous_12)
FN:43,(anonymous_13)
FN:43,(anonymous_14)
FNF:7
FNH:5
FNDA:1,UserRouter
FNDA:2,(anonymous_9)
FNDA:2,(anonymous_10)
FNDA:2,(anonymous_11)
FNDA:2,(anonymous_12)
FNDA:0,(anonymous_13)
FNDA:0,(anonymous_14)
DA:1,1
DA:9,1
DA:15,1
DA:19,2
DA:20,2
DA:21,2
DA:23,1
DA:25,1
DA:29,2
DA:30,2
DA:31,2
DA:37,1
DA:39,1
DA:43,1
DA:44,0
DA:45,0
DA:50,0
DA:54,1
DA:57,1
LF:19
LH:16
BRF:0
BRH:0
end_of_record
TN:
SF:adapters-src/routers/tests/test-server.ts
FNF:0
FNH:0
DA:1,1
DA:2,1
DA:3,1
DA:5,1
LF:4
LH:4
BRF:0
BRH:0
end_of_record
